# JRE version: Java(TM) SE Runtime Environment (8.0_40-b26) (build 1.8.0_40-b26)
# Java VM: Java HotSpot(TM) 64-Bit Server VM (25.40-b25 mixed mode windows-amd64 compressed oops)
Heap:
 PSYoungGen      total 224768K, used 11924K [0x00000000d5f80000, 0x00000000e7a80000, 0x0000000100000000)
  eden space 205312K, 2% used [0x00000000d5f80000,0x00000000d6456178,0x00000000e2800000)
  from space 19456K, 35% used [0x00000000e3a80000,0x00000000e414f158,0x00000000e4d80000)
  to   space 18944K, 0% used [0x00000000e2800000,0x00000000e2800000,0x00000000e3a80000)
 ParOldGen       total 97280K, used 30441K [0x0000000081e00000, 0x0000000087d00000, 0x00000000d5f80000)
  object space 97280K, 31% used [0x0000000081e00000,0x0000000083bba528,0x0000000087d00000)
 Metaspace       used 50975K, capacity 53250K, committed 53504K, reserved 1095680K
  class space    used 6903K, capacity 7312K, committed 7424K, reserved 1048576K
GC Heap History (10 events):
Event: 4.236 GC heap before
{Heap before GC invocations=11 (full 2):
 PSYoungGen      total 176640K, used 11754K [0x00000000d5f80000, 0x00000000e4e00000, 0x0000000100000000)
  eden space 161792K, 0% used [0x00000000d5f80000,0x00000000d5f80000,0x00000000dfd80000)
  from space 14848K, 79% used [0x00000000dfd80000,0x00000000e08fabe8,0x00000000e0c00000)
  to   space 15872K, 0% used [0x00000000e3e80000,0x00000000e3e80000,0x00000000e4e00000)
 ParOldGen       total 54784K, used 17893K [0x0000000081e00000, 0x0000000085380000, 0x00000000d5f80000)
  object space 54784K, 32% used [0x0000000081e00000,0x0000000082f79648,0x0000000085380000)
 Metaspace       used 33935K, capacity 35338K, committed 35496K, reserved 1079296K
  class space    used 4483K, capacity 4786K, committed 4864K, reserved 1048576K
Event: 4.307 GC heap after
Heap after GC invocations=11 (full 2):
 PSYoungGen      total 176640K, used 0K [0x00000000d5f80000, 0x00000000e4e00000, 0x0000000100000000)
  eden space 161792K, 0% used [0x00000000d5f80000,0x00000000d5f80000,0x00000000dfd80000)
  from space 14848K, 0% used [0x00000000dfd80000,0x00000000dfd80000,0x00000000e0c00000)
  to   space 15872K, 0% used [0x00000000e3e80000,0x00000000e3e80000,0x00000000e4e00000)
 ParOldGen       total 97280K, used 21867K [0x0000000081e00000, 0x0000000087d00000, 0x00000000d5f80000)
  object space 97280K, 22% used [0x0000000081e00000,0x000000008335ac40,0x0000000087d00000)
 Metaspace       used 33935K, capacity 35338K, committed 35496K, reserved 1079296K
  class space    used 4483K, capacity 4786K, committed 4864K, reserved 1048576K
}
Event: 6.157 GC heap before
{Heap before GC invocations=12 (full 2):
 PSYoungGen      total 176640K, used 161792K [0x00000000d5f80000, 0x00000000e4e00000, 0x0000000100000000)
  eden space 161792K, 100% used [0x00000000d5f80000,0x00000000dfd80000,0x00000000dfd80000)
  from space 14848K, 0% used [0x00000000dfd80000,0x00000000dfd80000,0x00000000e0c00000)
  to   space 15872K, 0% used [0x00000000e3e80000,0x00000000e3e80000,0x00000000e4e00000)
 ParOldGen       total 97280K, used 21867K [0x0000000081e00000, 0x0000000087d00000, 0x00000000d5f80000)
  object space 97280K, 22% used [0x0000000081e00000,0x000000008335ac40,0x0000000087d00000)
 Metaspace       used 45959K, capacity 47860K, committed 48128K, reserved 1091584K
  class space    used 6231K, capacity 6599K, committed 6656K, reserved 1048576K
Event: 6.170 GC heap after
Heap after GC invocations=12 (full 2):
 PSYoungGen      total 220672K, used 15849K [0x00000000d5f80000, 0x00000000e4e00000, 0x0000000100000000)
  eden space 204800K, 0% used [0x00000000d5f80000,0x00000000d5f80000,0x00000000e2780000)
  from space 15872K, 99% used [0x00000000e3e80000,0x00000000e4dfa478,0x00000000e4e00000)
  to   space 18432K, 0% used [0x00000000e2a00000,0x00000000e2a00000,0x00000000e3c00000)
 ParOldGen       total 97280K, used 22710K [0x0000000081e00000, 0x0000000087d00000, 0x00000000d5f80000)
  object space 97280K, 23% used [0x0000000081e00000,0x000000008342d8e8,0x0000000087d00000)
 Metaspace       used 45959K, capacity 47860K, committed 48128K, reserved 1091584K
  class space    used 6231K, capacity 6599K, committed 6656K, reserved 1048576K
}
Event: 41.578 GC heap before
{Heap before GC invocations=13 (full 2):
 PSYoungGen      total 220672K, used 179294K [0x00000000d5f80000, 0x00000000e4e00000, 0x0000000100000000)
  eden space 204800K, 79% used [0x00000000d5f80000,0x00000000dff1d638,0x00000000e2780000)
  from space 15872K, 99% used [0x00000000e3e80000,0x00000000e4dfa478,0x00000000e4e00000)
  to   space 18432K, 0% used [0x00000000e2a00000,0x00000000e2a00000,0x00000000e3c00000)
 ParOldGen       total 97280K, used 22710K [0x0000000081e00000, 0x0000000087d00000, 0x00000000d5f80000)
  object space 97280K, 23% used [0x0000000081e00000,0x000000008342d8e8,0x0000000087d00000)
 Metaspace       used 50531K, capacity 52714K, committed 52864K, reserved 1095680K
  class space    used 6852K, capacity 7246K, committed 7296K, reserved 1048576K
Event: 41.591 GC heap after
Heap after GC invocations=13 (full 2):
 PSYoungGen      total 219648K, used 14746K [0x00000000d5f80000, 0x00000000e4d80000, 0x0000000100000000)
  eden space 204800K, 0% used [0x00000000d5f80000,0x00000000d5f80000,0x00000000e2780000)
  from space 14848K, 99% used [0x00000000e2a00000,0x00000000e3866a58,0x00000000e3880000)
  to   space 19456K, 0% used [0x00000000e3a80000,0x00000000e3a80000,0x00000000e4d80000)
 ParOldGen       total 97280K, used 22718K [0x0000000081e00000, 0x0000000087d00000, 0x00000000d5f80000)
  object space 97280K, 23% used [0x0000000081e00000,0x000000008342f8e8,0x0000000087d00000)
 Metaspace       used 50531K, capacity 52714K, committed 52864K, reserved 1095680K
  class space    used 6852K, capacity 7246K, committed 7296K, reserved 1048576K
}
Event: 41.591 GC heap before
{Heap before GC invocations=14 (full 3):
 PSYoungGen      total 219648K, used 14746K [0x00000000d5f80000, 0x00000000e4d80000, 0x0000000100000000)
  eden space 204800K, 0% used [0x00000000d5f80000,0x00000000d5f80000,0x00000000e2780000)
  from space 14848K, 99% used [0x00000000e2a00000,0x00000000e3866a58,0x00000000e3880000)
  to   space 19456K, 0% used [0x00000000e3a80000,0x00000000e3a80000,0x00000000e4d80000)
 ParOldGen       total 97280K, used 22718K [0x0000000081e00000, 0x0000000087d00000, 0x00000000d5f80000)
  object space 97280K, 23% used [0x0000000081e00000,0x000000008342f8e8,0x0000000087d00000)
 Metaspace       used 50531K, capacity 52714K, committed 52864K, reserved 1095680K
  class space    used 6852K, capacity 7246K, committed 7296K, reserved 1048576K
Event: 41.727 GC heap after
Heap after GC invocations=14 (full 3):
 PSYoungGen      total 219648K, used 0K [0x00000000d5f80000, 0x00000000e4d80000, 0x0000000100000000)
  eden space 204800K, 0% used [0x00000000d5f80000,0x00000000d5f80000,0x00000000e2780000)
  from space 14848K, 0% used [0x00000000e2a00000,0x00000000e2a00000,0x00000000e3880000)
  to   space 19456K, 0% used [0x00000000e3a80000,0x00000000e3a80000,0x00000000e4d80000)
 ParOldGen       total 97280K, used 30433K [0x0000000081e00000, 0x0000000087d00000, 0x00000000d5f80000)
  object space 97280K, 31% used [0x0000000081e00000,0x0000000083bb8528,0x0000000087d00000)
 Metaspace       used 50525K, capacity 52702K, committed 52864K, reserved 1095680K
  class space    used 6850K, capacity 7244K, committed 7296K, reserved 1048576K
}
Event: 44.967 GC heap before
{Heap before GC invocations=15 (full 3):
 PSYoungGen      total 219648K, used 204800K [0x00000000d5f80000, 0x00000000e4d80000, 0x0000000100000000)
  eden space 204800K, 100% used [0x00000000d5f80000,0x00000000e2780000,0x00000000e2780000)
  from space 14848K, 0% used [0x00000000e2a00000,0x00000000e2a00000,0x00000000e3880000)
  to   space 19456K, 0% used [0x00000000e3a80000,0x00000000e3a80000,0x00000000e4d80000)
 ParOldGen       total 97280K, used 30433K [0x0000000081e00000, 0x0000000087d00000, 0x00000000d5f80000)
  object space 97280K, 31% used [0x0000000081e00000,0x0000000083bb8528,0x0000000087d00000)
 Metaspace       used 50971K, capacity 53250K, committed 53504K, reserved 1095680K
  class space    used 6903K, capacity 7312K, committed 7424K, reserved 1048576K
Event: 44.978 GC heap after
Heap after GC invocations=15 (full 3):
 PSYoungGen      total 224768K, used 6972K [0x00000000d5f80000, 0x00000000e7a80000, 0x0000000100000000)
  eden space 205312K, 0% used [0x00000000d5f80000,0x00000000d5f80000,0x00000000e2800000)
  from space 19456K, 35% used [0x00000000e3a80000,0x00000000e414f158,0x00000000e4d80000)
  to   space 18944K, 0% used [0x00000000e2800000,0x00000000e2800000,0x00000000e3a80000)
 ParOldGen       total 97280K, used 30441K [0x0000000081e00000, 0x0000000087d00000, 0x00000000d5f80000)
  object space 97280K, 31% used [0x0000000081e00000,0x0000000083bba528,0x0000000087d00000)
 Metaspace       used 50971K, capacity 53250K, committed 53504K, reserved 1095680K
  class space    used 6903K, capacity 7312K, committed 7424K, reserved 1048576K
}

